2019-02-10 00:43:23,905 ERROR [pyramid_debugtoolbar][waitress] Uncaught pyramid_mako.MakoRenderingException at http://localhost:6543/
traceback url: http://localhost:6543/_debug_toolbar/313430353332313431363337383430/exception
Traceback (most recent call last):
  File "/home/master/banner_editor/venv/lib/python2.7/site-packages/pyramid_debugtoolbar/toolbar.py", line 257, in toolbar_tween
    response = _handler(request)
  File "/home/master/banner_editor/venv/lib/python2.7/site-packages/pyramid_debugtoolbar/panels/performance.py", line 58, in resource_timer_handler
    result = handler(request)
  File "/home/master/banner_editor/venv/lib/python2.7/site-packages/pyramid_tm/__init__.py", line 171, in tm_tween
    reraise(*exc_info)
  File "/home/master/banner_editor/venv/lib/python2.7/site-packages/pyramid_tm/__init__.py", line 136, in tm_tween
    response = handler(request)
  File "/home/master/banner_editor/venv/lib/python2.7/site-packages/pyramid/tweens.py", line 43, in excview_tween
    response = _error_handler(request, exc)
  File "/home/master/banner_editor/venv/lib/python2.7/site-packages/pyramid/tweens.py", line 17, in _error_handler
    reraise(*exc_info)
  File "/home/master/banner_editor/venv/lib/python2.7/site-packages/pyramid/tweens.py", line 41, in excview_tween
    response = handler(request)
  File "/home/master/banner_editor/venv/lib/python2.7/site-packages/pyramid/router.py", line 148, in handle_request
    registry, request, context, context_iface, view_name
  File "/home/master/banner_editor/venv/lib/python2.7/site-packages/pyramid/view.py", line 657, in _call_view
    response = view_callable(context, request)
  File "/home/master/banner_editor/venv/lib/python2.7/site-packages/pyramid/viewderivers.py", line 460, in rendered_view
    request, result, view_inst, context
  File "/home/master/banner_editor/venv/lib/python2.7/site-packages/pyramid/renderers.py", line 451, in render_view
    return self.render_to_response(response, system, request=request)
  File "/home/master/banner_editor/venv/lib/python2.7/site-packages/pyramid/renderers.py", line 474, in render_to_response
    result = self.render(value, system_values, request=request)
  File "/home/master/banner_editor/venv/lib/python2.7/site-packages/pyramid/renderers.py", line 470, in render
    result = renderer(value, system_values)
  File "/home/master/banner_editor/venv/lib/python2.7/site-packages/pyramid_mako/__init__.py", line 156, in __call__
    reraise(MakoRenderingException(errtext), None, exc_info[2])
  File "/home/master/banner_editor/venv/lib/python2.7/site-packages/pyramid_mako/__init__.py", line 148, in __call__
    result = template.render_unicode(**system)
  File "/home/master/banner_editor/venv/lib/python2.7/site-packages/mako/template.py", line 471, in render_unicode
    as_unicode=True)
  File "/home/master/banner_editor/venv/lib/python2.7/site-packages/mako/runtime.py", line 838, in _render
    **_kwargs_for_callable(callable_, data))
  File "/home/master/banner_editor/venv/lib/python2.7/site-packages/mako/runtime.py", line 873, in _render_context
    _exec_template(inherit, lclcontext, args=args, kwargs=kwargs)
  File "/home/master/banner_editor/venv/lib/python2.7/site-packages/mako/runtime.py", line 899, in _exec_template
    callable_(context, *args, **kwargs)
  File "banner_editor_templates_home_mako", line 44, in render_body
  File "banner_editor_templates_rotator_mako", line 34, in render_body
  File "/home/master/banner_editor/venv/lib/python2.7/site-packages/sqlalchemy/orm/query.py", line 3081, in __iter__
    return self._execute_and_instances(context)
  File "/home/master/banner_editor/venv/lib/python2.7/site-packages/sqlalchemy/orm/query.py", line 3103, in _execute_and_instances
    querycontext, self._connection_from_session, close_with_result=True
  File "/home/master/banner_editor/venv/lib/python2.7/site-packages/sqlalchemy/orm/query.py", line 3111, in _get_bind_args
    mapper=self._bind_mapper(), clause=querycontext.statement, **kw
  File "/home/master/banner_editor/venv/lib/python2.7/site-packages/sqlalchemy/orm/query.py", line 3096, in _connection_from_session
    conn = self.session.connection(**kw)
  File "/home/master/banner_editor/venv/lib/python2.7/site-packages/sqlalchemy/orm/session.py", line 1120, in connection
    execution_options=execution_options,
  File "/home/master/banner_editor/venv/lib/python2.7/site-packages/sqlalchemy/orm/session.py", line 1126, in _connection_for_bind
    engine, execution_options
  File "/home/master/banner_editor/venv/lib/python2.7/site-packages/sqlalchemy/orm/session.py", line 424, in _connection_for_bind
    conn = bind.contextual_connect()
  File "/home/master/banner_editor/venv/lib/python2.7/site-packages/sqlalchemy/engine/base.py", line 2192, in contextual_connect
    self._wrap_pool_connect(self.pool.connect, None),
  File "/home/master/banner_editor/venv/lib/python2.7/site-packages/sqlalchemy/engine/base.py", line 2232, in _wrap_pool_connect
    e, dialect, self
  File "/home/master/banner_editor/venv/lib/python2.7/site-packages/sqlalchemy/engine/base.py", line 1528, in _handle_dbapi_exception_noconnection
    util.raise_from_cause(sqlalchemy_exception, exc_info)
  File "/home/master/banner_editor/venv/lib/python2.7/site-packages/sqlalchemy/util/compat.py", line 296, in raise_from_cause
    reraise(type(exception), exception, tb=exc_tb, cause=cause)
  File "/home/master/banner_editor/venv/lib/python2.7/site-packages/sqlalchemy/engine/base.py", line 2228, in _wrap_pool_connect
    return fn()
  File "/home/master/banner_editor/venv/lib/python2.7/site-packages/sqlalchemy/pool.py", line 425, in connect
    return _ConnectionFairy._checkout(self)
  File "/home/master/banner_editor/venv/lib/python2.7/site-packages/sqlalchemy/pool.py", line 822, in _checkout
    fairy = _ConnectionRecord.checkout(pool)
  File "/home/master/banner_editor/venv/lib/python2.7/site-packages/sqlalchemy/pool.py", line 554, in checkout
    rec = pool._do_get()
  File "/home/master/banner_editor/venv/lib/python2.7/site-packages/sqlalchemy/pool.py", line 1250, in _do_get
    self._dec_overflow()
  File "/home/master/banner_editor/venv/lib/python2.7/site-packages/sqlalchemy/util/langhelpers.py", line 67, in __exit__
    compat.reraise(exc_type, exc_value, exc_tb)
  File "/home/master/banner_editor/venv/lib/python2.7/site-packages/sqlalchemy/pool.py", line 1247, in _do_get
    return self._create_connection()
  File "/home/master/banner_editor/venv/lib/python2.7/site-packages/sqlalchemy/pool.py", line 370, in _create_connection
    return _ConnectionRecord(self)
  File "/home/master/banner_editor/venv/lib/python2.7/site-packages/sqlalchemy/pool.py", line 499, in __init__
    self.__connect(first_connect_check=True)
  File "/home/master/banner_editor/venv/lib/python2.7/site-packages/sqlalchemy/pool.py", line 701, in __connect
    connection = pool._invoke_creator(self)
  File "/home/master/banner_editor/venv/lib/python2.7/site-packages/sqlalchemy/engine/strategies.py", line 114, in connect
    return dialect.connect(*cargs, **cparams)
  File "/home/master/banner_editor/venv/lib/python2.7/site-packages/sqlalchemy/engine/default.py", line 437, in connect
    return self.dbapi.connect(*cargs, **cparams)
  File "/home/master/banner_editor/venv/lib/python2.7/site-packages/psycopg2/__init__.py", line 130, in connect
    conn = _connect(dsn, connection_factory=connection_factory, **kwasync)
MakoRenderingException: 

Traceback (most recent call last):
  File "/home/master/banner_editor/venv/lib/python2.7/site-packages/pyramid_mako/__init__.py", line 148, in __call__
    result = template.render_unicode(**system)
  File "/home/master/banner_editor/venv/lib/python2.7/site-packages/mako/template.py", line 471, in render_unicode
    as_unicode=True)
  File "/home/master/banner_editor/venv/lib/python2.7/site-packages/mako/runtime.py", line 838, in _render
    **_kwargs_for_callable(callable_, data))
  File "/home/master/banner_editor/venv/lib/python2.7/site-packages/mako/runtime.py", line 873, in _render_context
    _exec_template(inherit, lclcontext, args=args, kwargs=kwargs)
  File "/home/master/banner_editor/venv/lib/python2.7/site-packages/mako/runtime.py", line 899, in _exec_template
    callable_(context, *args, **kwargs)
  File "/home/master/banner_editor/venv/lib/python2.7/site-packages/banner_editor/templates/home.mako", line 59, in render_body
    ${self.body()}
  File "/home/master/banner_editor/venv/lib/python2.7/site-packages/banner_editor/templates/rotator.mako", line 6, in render_body
    % for banner in sorted((x for x in banners if x.enabled), key=lambda x: x.pos):
  File "/home/master/banner_editor/venv/lib/python2.7/site-packages/sqlalchemy/orm/query.py", line 3081, in __iter__
    return self._execute_and_instances(context)
  File "/home/master/banner_editor/venv/lib/python2.7/site-packages/sqlalchemy/orm/query.py", line 3103, in _execute_and_instances
    querycontext, self._connection_from_session, close_with_result=True
  File "/home/master/banner_editor/venv/lib/python2.7/site-packages/sqlalchemy/orm/query.py", line 3111, in _get_bind_args
    mapper=self._bind_mapper(), clause=querycontext.statement, **kw
  File "/home/master/banner_editor/venv/lib/python2.7/site-packages/sqlalchemy/orm/query.py", line 3096, in _connection_from_session
    conn = self.session.connection(**kw)
  File "/home/master/banner_editor/venv/lib/python2.7/site-packages/sqlalchemy/orm/session.py", line 1120, in connection
    execution_options=execution_options,
  File "/home/master/banner_editor/venv/lib/python2.7/site-packages/sqlalchemy/orm/session.py", line 1126, in _connection_for_bind
    engine, execution_options
  File "/home/master/banner_editor/venv/lib/python2.7/site-packages/sqlalchemy/orm/session.py", line 424, in _connection_for_bind
    conn = bind.contextual_connect()
  File "/home/master/banner_editor/venv/lib/python2.7/site-packages/sqlalchemy/engine/base.py", line 2192, in contextual_connect
    self._wrap_pool_connect(self.pool.connect, None),
  File "/home/master/banner_editor/venv/lib/python2.7/site-packages/sqlalchemy/engine/base.py", line 2232, in _wrap_pool_connect
    e, dialect, self
  File "/home/master/banner_editor/venv/lib/python2.7/site-packages/sqlalchemy/engine/base.py", line 1528, in _handle_dbapi_exception_noconnection
    util.raise_from_cause(sqlalchemy_exception, exc_info)
  File "/home/master/banner_editor/venv/lib/python2.7/site-packages/sqlalchemy/util/compat.py", line 296, in raise_from_cause
    reraise(type(exception), exception, tb=exc_tb, cause=cause)
  File "/home/master/banner_editor/venv/lib/python2.7/site-packages/sqlalchemy/engine/base.py", line 2228, in _wrap_pool_connect
    return fn()
  File "/home/master/banner_editor/venv/lib/python2.7/site-packages/sqlalchemy/pool.py", line 425, in connect
    return _ConnectionFairy._checkout(self)
  File "/home/master/banner_editor/venv/lib/python2.7/site-packages/sqlalchemy/pool.py", line 822, in _checkout
    fairy = _ConnectionRecord.checkout(pool)
  File "/home/master/banner_editor/venv/lib/python2.7/site-packages/sqlalchemy/pool.py", line 554, in checkout
    rec = pool._do_get()
  File "/home/master/banner_editor/venv/lib/python2.7/site-packages/sqlalchemy/pool.py", line 1250, in _do_get
    self._dec_overflow()
  File "/home/master/banner_editor/venv/lib/python2.7/site-packages/sqlalchemy/util/langhelpers.py", line 67, in __exit__
    compat.reraise(exc_type, exc_value, exc_tb)
  File "/home/master/banner_editor/venv/lib/python2.7/site-packages/sqlalchemy/pool.py", line 1247, in _do_get
    return self._create_connection()
  File "/home/master/banner_editor/venv/lib/python2.7/site-packages/sqlalchemy/pool.py", line 370, in _create_connection
    return _ConnectionRecord(self)
  File "/home/master/banner_editor/venv/lib/python2.7/site-packages/sqlalchemy/pool.py", line 499, in __init__
    self.__connect(first_connect_check=True)
  File "/home/master/banner_editor/venv/lib/python2.7/site-packages/sqlalchemy/pool.py", line 701, in __connect
    connection = pool._invoke_creator(self)
  File "/home/master/banner_editor/venv/lib/python2.7/site-packages/sqlalchemy/engine/strategies.py", line 114, in connect
    return dialect.connect(*cargs, **cparams)
  File "/home/master/banner_editor/venv/lib/python2.7/site-packages/sqlalchemy/engine/default.py", line 437, in connect
    return self.dbapi.connect(*cargs, **cparams)
  File "/home/master/banner_editor/venv/lib/python2.7/site-packages/psycopg2/__init__.py", line 130, in connect
    conn = _connect(dsn, connection_factory=connection_factory, **kwasync)
OperationalError: (psycopg2.OperationalError) could not connect to server: Connection refused
	Is the server running on host "localhost" (127.0.0.1) and accepting
	TCP/IP connections on port 5432?
 (Background on this error at: http://sqlalche.me/e/e3q8)

2019-02-10 02:12:56,142 ERROR [pyramid_debugtoolbar][waitress] Uncaught pyramid_mako.MakoRenderingException at http://localhost:6543/
traceback url: http://localhost:6543/_debug_toolbar/313430363230383231303638313736/exception
Traceback (most recent call last):
  File "/home/master/banner_editor/venv/lib/python2.7/site-packages/pyramid_debugtoolbar/toolbar.py", line 257, in toolbar_tween
    response = _handler(request)
  File "/home/master/banner_editor/venv/lib/python2.7/site-packages/pyramid_debugtoolbar/panels/performance.py", line 58, in resource_timer_handler
    result = handler(request)
  File "/home/master/banner_editor/venv/lib/python2.7/site-packages/pyramid_tm/__init__.py", line 171, in tm_tween
    reraise(*exc_info)
  File "/home/master/banner_editor/venv/lib/python2.7/site-packages/pyramid_tm/__init__.py", line 136, in tm_tween
    response = handler(request)
  File "/home/master/banner_editor/venv/lib/python2.7/site-packages/pyramid/tweens.py", line 43, in excview_tween
    response = _error_handler(request, exc)
  File "/home/master/banner_editor/venv/lib/python2.7/site-packages/pyramid/tweens.py", line 17, in _error_handler
    reraise(*exc_info)
  File "/home/master/banner_editor/venv/lib/python2.7/site-packages/pyramid/tweens.py", line 41, in excview_tween
    response = handler(request)
  File "/home/master/banner_editor/venv/lib/python2.7/site-packages/pyramid/router.py", line 148, in handle_request
    registry, request, context, context_iface, view_name
  File "/home/master/banner_editor/venv/lib/python2.7/site-packages/pyramid/view.py", line 657, in _call_view
    response = view_callable(context, request)
  File "/home/master/banner_editor/venv/lib/python2.7/site-packages/pyramid/viewderivers.py", line 460, in rendered_view
    request, result, view_inst, context
  File "/home/master/banner_editor/venv/lib/python2.7/site-packages/pyramid/renderers.py", line 451, in render_view
    return self.render_to_response(response, system, request=request)
  File "/home/master/banner_editor/venv/lib/python2.7/site-packages/pyramid/renderers.py", line 474, in render_to_response
    result = self.render(value, system_values, request=request)
  File "/home/master/banner_editor/venv/lib/python2.7/site-packages/pyramid/renderers.py", line 470, in render
    result = renderer(value, system_values)
  File "/home/master/banner_editor/venv/lib/python2.7/site-packages/pyramid_mako/__init__.py", line 156, in __call__
    reraise(MakoRenderingException(errtext), None, exc_info[2])
  File "/home/master/banner_editor/venv/lib/python2.7/site-packages/pyramid_mako/__init__.py", line 148, in __call__
    result = template.render_unicode(**system)
  File "/home/master/banner_editor/venv/lib/python2.7/site-packages/mako/template.py", line 471, in render_unicode
    as_unicode=True)
  File "/home/master/banner_editor/venv/lib/python2.7/site-packages/mako/runtime.py", line 838, in _render
    **_kwargs_for_callable(callable_, data))
  File "/home/master/banner_editor/venv/lib/python2.7/site-packages/mako/runtime.py", line 873, in _render_context
    _exec_template(inherit, lclcontext, args=args, kwargs=kwargs)
  File "/home/master/banner_editor/venv/lib/python2.7/site-packages/mako/runtime.py", line 899, in _exec_template
    callable_(context, *args, **kwargs)
  File "banner_editor_templates_home_mako", line 44, in render_body
  File "banner_editor_templates_rotator_mako", line 34, in render_body
  File "/home/master/banner_editor/venv/lib/python2.7/site-packages/sqlalchemy/orm/query.py", line 3081, in __iter__
    return self._execute_and_instances(context)
  File "/home/master/banner_editor/venv/lib/python2.7/site-packages/sqlalchemy/orm/query.py", line 3106, in _execute_and_instances
    result = conn.execute(querycontext.statement, self._params)
  File "/home/master/banner_editor/venv/lib/python2.7/site-packages/sqlalchemy/engine/base.py", line 980, in execute
    return meth(self, multiparams, params)
  File "/home/master/banner_editor/venv/lib/python2.7/site-packages/sqlalchemy/sql/elements.py", line 273, in _execute_on_connection
    return connection._execute_clauseelement(self, multiparams, params)
  File "/home/master/banner_editor/venv/lib/python2.7/site-packages/sqlalchemy/engine/base.py", line 1099, in _execute_clauseelement
    distilled_params,
  File "/home/master/banner_editor/venv/lib/python2.7/site-packages/sqlalchemy/engine/base.py", line 1240, in _execute_context
    e, statement, parameters, cursor, context
  File "/home/master/banner_editor/venv/lib/python2.7/site-packages/sqlalchemy/engine/base.py", line 1458, in _handle_dbapi_exception
    util.raise_from_cause(sqlalchemy_exception, exc_info)
  File "/home/master/banner_editor/venv/lib/python2.7/site-packages/sqlalchemy/util/compat.py", line 296, in raise_from_cause
    reraise(type(exception), exception, tb=exc_tb, cause=cause)
  File "/home/master/banner_editor/venv/lib/python2.7/site-packages/sqlalchemy/engine/base.py", line 1236, in _execute_context
    cursor, statement, parameters, context
  File "/home/master/banner_editor/venv/lib/python2.7/site-packages/sqlalchemy/engine/default.py", line 536, in do_execute
    cursor.execute(statement, parameters)
MakoRenderingException: 

Traceback (most recent call last):
  File "/home/master/banner_editor/venv/lib/python2.7/site-packages/pyramid_mako/__init__.py", line 148, in __call__
    result = template.render_unicode(**system)
  File "/home/master/banner_editor/venv/lib/python2.7/site-packages/mako/template.py", line 471, in render_unicode
    as_unicode=True)
  File "/home/master/banner_editor/venv/lib/python2.7/site-packages/mako/runtime.py", line 838, in _render
    **_kwargs_for_callable(callable_, data))
  File "/home/master/banner_editor/venv/lib/python2.7/site-packages/mako/runtime.py", line 873, in _render_context
    _exec_template(inherit, lclcontext, args=args, kwargs=kwargs)
  File "/home/master/banner_editor/venv/lib/python2.7/site-packages/mako/runtime.py", line 899, in _exec_template
    callable_(context, *args, **kwargs)
  File "/home/master/banner_editor/venv/lib/python2.7/site-packages/banner_editor/templates/home.mako", line 59, in render_body
    ${self.body()}
  File "/home/master/banner_editor/venv/lib/python2.7/site-packages/banner_editor/templates/rotator.mako", line 6, in render_body
    % for banner in sorted((x for x in banners if x.enabled), key=lambda x: x.pos):
  File "/home/master/banner_editor/venv/lib/python2.7/site-packages/sqlalchemy/orm/query.py", line 3081, in __iter__
    return self._execute_and_instances(context)
  File "/home/master/banner_editor/venv/lib/python2.7/site-packages/sqlalchemy/orm/query.py", line 3106, in _execute_and_instances
    result = conn.execute(querycontext.statement, self._params)
  File "/home/master/banner_editor/venv/lib/python2.7/site-packages/sqlalchemy/engine/base.py", line 980, in execute
    return meth(self, multiparams, params)
  File "/home/master/banner_editor/venv/lib/python2.7/site-packages/sqlalchemy/sql/elements.py", line 273, in _execute_on_connection
    return connection._execute_clauseelement(self, multiparams, params)
  File "/home/master/banner_editor/venv/lib/python2.7/site-packages/sqlalchemy/engine/base.py", line 1099, in _execute_clauseelement
    distilled_params,
  File "/home/master/banner_editor/venv/lib/python2.7/site-packages/sqlalchemy/engine/base.py", line 1240, in _execute_context
    e, statement, parameters, cursor, context
  File "/home/master/banner_editor/venv/lib/python2.7/site-packages/sqlalchemy/engine/base.py", line 1458, in _handle_dbapi_exception
    util.raise_from_cause(sqlalchemy_exception, exc_info)
  File "/home/master/banner_editor/venv/lib/python2.7/site-packages/sqlalchemy/util/compat.py", line 296, in raise_from_cause
    reraise(type(exception), exception, tb=exc_tb, cause=cause)
  File "/home/master/banner_editor/venv/lib/python2.7/site-packages/sqlalchemy/engine/base.py", line 1236, in _execute_context
    cursor, statement, parameters, context
  File "/home/master/banner_editor/venv/lib/python2.7/site-packages/sqlalchemy/engine/default.py", line 536, in do_execute
    cursor.execute(statement, parameters)
ProgrammingError: (psycopg2.ProgrammingError) relation "banner" does not exist
LINE 2: FROM banner
             ^
 [SQL: 'SELECT banner.id AS banner_id, banner.name AS banner_name, banner.url AS banner_url, banner.image AS banner_image, banner.enabled AS banner_enabled, banner.pos AS banner_pos, banner.date_created AS banner_date_created, banner.date_edited AS banner_date_edited \nFROM banner'] (Background on this error at: http://sqlalche.me/e/f405)

2019-02-10 02:12:56,265 WARNI [waitress.queue][MainThread] Task queue depth is 1
2019-02-10 02:22:09,984 ERROR [pyramid_debugtoolbar][waitress] Uncaught pyramid_mako.MakoRenderingException at http://localhost:6543/
traceback url: http://localhost:6543/_debug_toolbar/313339373232373630393630313434/exception
Traceback (most recent call last):
  File "/home/master/banner_editor/venv/lib/python2.7/site-packages/pyramid_debugtoolbar/toolbar.py", line 257, in toolbar_tween
    response = _handler(request)
  File "/home/master/banner_editor/venv/lib/python2.7/site-packages/pyramid_debugtoolbar/panels/performance.py", line 58, in resource_timer_handler
    result = handler(request)
  File "/home/master/banner_editor/venv/lib/python2.7/site-packages/pyramid_tm/__init__.py", line 171, in tm_tween
    reraise(*exc_info)
  File "/home/master/banner_editor/venv/lib/python2.7/site-packages/pyramid_tm/__init__.py", line 136, in tm_tween
    response = handler(request)
  File "/home/master/banner_editor/venv/lib/python2.7/site-packages/pyramid/tweens.py", line 43, in excview_tween
    response = _error_handler(request, exc)
  File "/home/master/banner_editor/venv/lib/python2.7/site-packages/pyramid/tweens.py", line 17, in _error_handler
    reraise(*exc_info)
  File "/home/master/banner_editor/venv/lib/python2.7/site-packages/pyramid/tweens.py", line 41, in excview_tween
    response = handler(request)
  File "/home/master/banner_editor/venv/lib/python2.7/site-packages/pyramid/router.py", line 148, in handle_request
    registry, request, context, context_iface, view_name
  File "/home/master/banner_editor/venv/lib/python2.7/site-packages/pyramid/view.py", line 657, in _call_view
    response = view_callable(context, request)
  File "/home/master/banner_editor/venv/lib/python2.7/site-packages/pyramid/viewderivers.py", line 460, in rendered_view
    request, result, view_inst, context
  File "/home/master/banner_editor/venv/lib/python2.7/site-packages/pyramid/renderers.py", line 451, in render_view
    return self.render_to_response(response, system, request=request)
  File "/home/master/banner_editor/venv/lib/python2.7/site-packages/pyramid/renderers.py", line 474, in render_to_response
    result = self.render(value, system_values, request=request)
  File "/home/master/banner_editor/venv/lib/python2.7/site-packages/pyramid/renderers.py", line 470, in render
    result = renderer(value, system_values)
  File "/home/master/banner_editor/venv/lib/python2.7/site-packages/pyramid_mako/__init__.py", line 156, in __call__
    reraise(MakoRenderingException(errtext), None, exc_info[2])
  File "/home/master/banner_editor/venv/lib/python2.7/site-packages/pyramid_mako/__init__.py", line 148, in __call__
    result = template.render_unicode(**system)
  File "/home/master/banner_editor/venv/lib/python2.7/site-packages/mako/template.py", line 471, in render_unicode
    as_unicode=True)
  File "/home/master/banner_editor/venv/lib/python2.7/site-packages/mako/runtime.py", line 838, in _render
    **_kwargs_for_callable(callable_, data))
  File "/home/master/banner_editor/venv/lib/python2.7/site-packages/mako/runtime.py", line 873, in _render_context
    _exec_template(inherit, lclcontext, args=args, kwargs=kwargs)
  File "/home/master/banner_editor/venv/lib/python2.7/site-packages/mako/runtime.py", line 899, in _exec_template
    callable_(context, *args, **kwargs)
  File "banner_editor_templates_home_mako", line 44, in render_body
  File "banner_editor_templates_rotator_mako", line 34, in render_body
  File "/home/master/banner_editor/venv/lib/python2.7/site-packages/sqlalchemy/orm/query.py", line 3081, in __iter__
    return self._execute_and_instances(context)
  File "/home/master/banner_editor/venv/lib/python2.7/site-packages/sqlalchemy/orm/query.py", line 3106, in _execute_and_instances
    result = conn.execute(querycontext.statement, self._params)
  File "/home/master/banner_editor/venv/lib/python2.7/site-packages/sqlalchemy/engine/base.py", line 980, in execute
    return meth(self, multiparams, params)
  File "/home/master/banner_editor/venv/lib/python2.7/site-packages/sqlalchemy/sql/elements.py", line 273, in _execute_on_connection
    return connection._execute_clauseelement(self, multiparams, params)
  File "/home/master/banner_editor/venv/lib/python2.7/site-packages/sqlalchemy/engine/base.py", line 1099, in _execute_clauseelement
    distilled_params,
  File "/home/master/banner_editor/venv/lib/python2.7/site-packages/sqlalchemy/engine/base.py", line 1240, in _execute_context
    e, statement, parameters, cursor, context
  File "/home/master/banner_editor/venv/lib/python2.7/site-packages/sqlalchemy/engine/base.py", line 1458, in _handle_dbapi_exception
    util.raise_from_cause(sqlalchemy_exception, exc_info)
  File "/home/master/banner_editor/venv/lib/python2.7/site-packages/sqlalchemy/util/compat.py", line 296, in raise_from_cause
    reraise(type(exception), exception, tb=exc_tb, cause=cause)
  File "/home/master/banner_editor/venv/lib/python2.7/site-packages/sqlalchemy/engine/base.py", line 1236, in _execute_context
    cursor, statement, parameters, context
  File "/home/master/banner_editor/venv/lib/python2.7/site-packages/sqlalchemy/engine/default.py", line 536, in do_execute
    cursor.execute(statement, parameters)
MakoRenderingException: 

Traceback (most recent call last):
  File "/home/master/banner_editor/venv/lib/python2.7/site-packages/pyramid_mako/__init__.py", line 148, in __call__
    result = template.render_unicode(**system)
  File "/home/master/banner_editor/venv/lib/python2.7/site-packages/mako/template.py", line 471, in render_unicode
    as_unicode=True)
  File "/home/master/banner_editor/venv/lib/python2.7/site-packages/mako/runtime.py", line 838, in _render
    **_kwargs_for_callable(callable_, data))
  File "/home/master/banner_editor/venv/lib/python2.7/site-packages/mako/runtime.py", line 873, in _render_context
    _exec_template(inherit, lclcontext, args=args, kwargs=kwargs)
  File "/home/master/banner_editor/venv/lib/python2.7/site-packages/mako/runtime.py", line 899, in _exec_template
    callable_(context, *args, **kwargs)
  File "/home/master/banner_editor/venv/lib/python2.7/site-packages/banner_editor/templates/home.mako", line 59, in render_body
    ${self.body()}
  File "/home/master/banner_editor/venv/lib/python2.7/site-packages/banner_editor/templates/rotator.mako", line 6, in render_body
    % for banner in sorted((x for x in banners if x.enabled), key=lambda x: x.pos):
  File "/home/master/banner_editor/venv/lib/python2.7/site-packages/sqlalchemy/orm/query.py", line 3081, in __iter__
    return self._execute_and_instances(context)
  File "/home/master/banner_editor/venv/lib/python2.7/site-packages/sqlalchemy/orm/query.py", line 3106, in _execute_and_instances
    result = conn.execute(querycontext.statement, self._params)
  File "/home/master/banner_editor/venv/lib/python2.7/site-packages/sqlalchemy/engine/base.py", line 980, in execute
    return meth(self, multiparams, params)
  File "/home/master/banner_editor/venv/lib/python2.7/site-packages/sqlalchemy/sql/elements.py", line 273, in _execute_on_connection
    return connection._execute_clauseelement(self, multiparams, params)
  File "/home/master/banner_editor/venv/lib/python2.7/site-packages/sqlalchemy/engine/base.py", line 1099, in _execute_clauseelement
    distilled_params,
  File "/home/master/banner_editor/venv/lib/python2.7/site-packages/sqlalchemy/engine/base.py", line 1240, in _execute_context
    e, statement, parameters, cursor, context
  File "/home/master/banner_editor/venv/lib/python2.7/site-packages/sqlalchemy/engine/base.py", line 1458, in _handle_dbapi_exception
    util.raise_from_cause(sqlalchemy_exception, exc_info)
  File "/home/master/banner_editor/venv/lib/python2.7/site-packages/sqlalchemy/util/compat.py", line 296, in raise_from_cause
    reraise(type(exception), exception, tb=exc_tb, cause=cause)
  File "/home/master/banner_editor/venv/lib/python2.7/site-packages/sqlalchemy/engine/base.py", line 1236, in _execute_context
    cursor, statement, parameters, context
  File "/home/master/banner_editor/venv/lib/python2.7/site-packages/sqlalchemy/engine/default.py", line 536, in do_execute
    cursor.execute(statement, parameters)
ProgrammingError: (psycopg2.ProgrammingError) relation "banner" does not exist
LINE 2: FROM banner
             ^
 [SQL: 'SELECT banner.id AS banner_id, banner.name AS banner_name, banner.url AS banner_url, banner.image AS banner_image, banner.enabled AS banner_enabled, banner.pos AS banner_pos, banner.date_created AS banner_date_created, banner.date_edited AS banner_date_edited \nFROM banner'] (Background on this error at: http://sqlalche.me/e/f405)

2019-02-10 02:30:13,020 ERROR [pyramid_debugtoolbar][waitress] Uncaught pyramid_mako.MakoRenderingException at http://localhost:6543/
traceback url: http://localhost:6543/_debug_toolbar/313430363830343030333337363830/exception
Traceback (most recent call last):
  File "/home/master/banner_editor/venv/lib/python2.7/site-packages/pyramid_debugtoolbar/toolbar.py", line 257, in toolbar_tween
    response = _handler(request)
  File "/home/master/banner_editor/venv/lib/python2.7/site-packages/pyramid_debugtoolbar/panels/performance.py", line 58, in resource_timer_handler
    result = handler(request)
  File "/home/master/banner_editor/venv/lib/python2.7/site-packages/pyramid_tm/__init__.py", line 171, in tm_tween
    reraise(*exc_info)
  File "/home/master/banner_editor/venv/lib/python2.7/site-packages/pyramid_tm/__init__.py", line 136, in tm_tween
    response = handler(request)
  File "/home/master/banner_editor/venv/lib/python2.7/site-packages/pyramid/tweens.py", line 43, in excview_tween
    response = _error_handler(request, exc)
  File "/home/master/banner_editor/venv/lib/python2.7/site-packages/pyramid/tweens.py", line 17, in _error_handler
    reraise(*exc_info)
  File "/home/master/banner_editor/venv/lib/python2.7/site-packages/pyramid/tweens.py", line 41, in excview_tween
    response = handler(request)
  File "/home/master/banner_editor/venv/lib/python2.7/site-packages/pyramid/router.py", line 148, in handle_request
    registry, request, context, context_iface, view_name
  File "/home/master/banner_editor/venv/lib/python2.7/site-packages/pyramid/view.py", line 657, in _call_view
    response = view_callable(context, request)
  File "/home/master/banner_editor/venv/lib/python2.7/site-packages/pyramid/viewderivers.py", line 460, in rendered_view
    request, result, view_inst, context
  File "/home/master/banner_editor/venv/lib/python2.7/site-packages/pyramid/renderers.py", line 451, in render_view
    return self.render_to_response(response, system, request=request)
  File "/home/master/banner_editor/venv/lib/python2.7/site-packages/pyramid/renderers.py", line 474, in render_to_response
    result = self.render(value, system_values, request=request)
  File "/home/master/banner_editor/venv/lib/python2.7/site-packages/pyramid/renderers.py", line 470, in render
    result = renderer(value, system_values)
  File "/home/master/banner_editor/venv/lib/python2.7/site-packages/pyramid_mako/__init__.py", line 156, in __call__
    reraise(MakoRenderingException(errtext), None, exc_info[2])
  File "/home/master/banner_editor/venv/lib/python2.7/site-packages/pyramid_mako/__init__.py", line 148, in __call__
    result = template.render_unicode(**system)
  File "/home/master/banner_editor/venv/lib/python2.7/site-packages/mako/template.py", line 471, in render_unicode
    as_unicode=True)
  File "/home/master/banner_editor/venv/lib/python2.7/site-packages/mako/runtime.py", line 838, in _render
    **_kwargs_for_callable(callable_, data))
  File "/home/master/banner_editor/venv/lib/python2.7/site-packages/mako/runtime.py", line 873, in _render_context
    _exec_template(inherit, lclcontext, args=args, kwargs=kwargs)
  File "/home/master/banner_editor/venv/lib/python2.7/site-packages/mako/runtime.py", line 899, in _exec_template
    callable_(context, *args, **kwargs)
  File "banner_editor_templates_home_mako", line 44, in render_body
  File "banner_editor_templates_rotator_mako", line 34, in render_body
  File "/home/master/banner_editor/venv/lib/python2.7/site-packages/sqlalchemy/orm/query.py", line 3081, in __iter__
    return self._execute_and_instances(context)
  File "/home/master/banner_editor/venv/lib/python2.7/site-packages/sqlalchemy/orm/query.py", line 3106, in _execute_and_instances
    result = conn.execute(querycontext.statement, self._params)
  File "/home/master/banner_editor/venv/lib/python2.7/site-packages/sqlalchemy/engine/base.py", line 980, in execute
    return meth(self, multiparams, params)
  File "/home/master/banner_editor/venv/lib/python2.7/site-packages/sqlalchemy/sql/elements.py", line 273, in _execute_on_connection
    return connection._execute_clauseelement(self, multiparams, params)
  File "/home/master/banner_editor/venv/lib/python2.7/site-packages/sqlalchemy/engine/base.py", line 1099, in _execute_clauseelement
    distilled_params,
  File "/home/master/banner_editor/venv/lib/python2.7/site-packages/sqlalchemy/engine/base.py", line 1240, in _execute_context
    e, statement, parameters, cursor, context
  File "/home/master/banner_editor/venv/lib/python2.7/site-packages/sqlalchemy/engine/base.py", line 1458, in _handle_dbapi_exception
    util.raise_from_cause(sqlalchemy_exception, exc_info)
  File "/home/master/banner_editor/venv/lib/python2.7/site-packages/sqlalchemy/util/compat.py", line 296, in raise_from_cause
    reraise(type(exception), exception, tb=exc_tb, cause=cause)
  File "/home/master/banner_editor/venv/lib/python2.7/site-packages/sqlalchemy/engine/base.py", line 1236, in _execute_context
    cursor, statement, parameters, context
  File "/home/master/banner_editor/venv/lib/python2.7/site-packages/sqlalchemy/engine/default.py", line 536, in do_execute
    cursor.execute(statement, parameters)
MakoRenderingException: 

Traceback (most recent call last):
  File "/home/master/banner_editor/venv/lib/python2.7/site-packages/pyramid_mako/__init__.py", line 148, in __call__
    result = template.render_unicode(**system)
  File "/home/master/banner_editor/venv/lib/python2.7/site-packages/mako/template.py", line 471, in render_unicode
    as_unicode=True)
  File "/home/master/banner_editor/venv/lib/python2.7/site-packages/mako/runtime.py", line 838, in _render
    **_kwargs_for_callable(callable_, data))
  File "/home/master/banner_editor/venv/lib/python2.7/site-packages/mako/runtime.py", line 873, in _render_context
    _exec_template(inherit, lclcontext, args=args, kwargs=kwargs)
  File "/home/master/banner_editor/venv/lib/python2.7/site-packages/mako/runtime.py", line 899, in _exec_template
    callable_(context, *args, **kwargs)
  File "/home/master/banner_editor/venv/lib/python2.7/site-packages/banner_editor/templates/home.mako", line 59, in render_body
    ${self.body()}
  File "/home/master/banner_editor/venv/lib/python2.7/site-packages/banner_editor/templates/rotator.mako", line 6, in render_body
    % for banner in sorted((x for x in banners if x.enabled), key=lambda x: x.pos):
  File "/home/master/banner_editor/venv/lib/python2.7/site-packages/sqlalchemy/orm/query.py", line 3081, in __iter__
    return self._execute_and_instances(context)
  File "/home/master/banner_editor/venv/lib/python2.7/site-packages/sqlalchemy/orm/query.py", line 3106, in _execute_and_instances
    result = conn.execute(querycontext.statement, self._params)
  File "/home/master/banner_editor/venv/lib/python2.7/site-packages/sqlalchemy/engine/base.py", line 980, in execute
    return meth(self, multiparams, params)
  File "/home/master/banner_editor/venv/lib/python2.7/site-packages/sqlalchemy/sql/elements.py", line 273, in _execute_on_connection
    return connection._execute_clauseelement(self, multiparams, params)
  File "/home/master/banner_editor/venv/lib/python2.7/site-packages/sqlalchemy/engine/base.py", line 1099, in _execute_clauseelement
    distilled_params,
  File "/home/master/banner_editor/venv/lib/python2.7/site-packages/sqlalchemy/engine/base.py", line 1240, in _execute_context
    e, statement, parameters, cursor, context
  File "/home/master/banner_editor/venv/lib/python2.7/site-packages/sqlalchemy/engine/base.py", line 1458, in _handle_dbapi_exception
    util.raise_from_cause(sqlalchemy_exception, exc_info)
  File "/home/master/banner_editor/venv/lib/python2.7/site-packages/sqlalchemy/util/compat.py", line 296, in raise_from_cause
    reraise(type(exception), exception, tb=exc_tb, cause=cause)
  File "/home/master/banner_editor/venv/lib/python2.7/site-packages/sqlalchemy/engine/base.py", line 1236, in _execute_context
    cursor, statement, parameters, context
  File "/home/master/banner_editor/venv/lib/python2.7/site-packages/sqlalchemy/engine/default.py", line 536, in do_execute
    cursor.execute(statement, parameters)
ProgrammingError: (psycopg2.ProgrammingError) relation "banner" does not exist
LINE 2: FROM banner
             ^
 [SQL: 'SELECT banner.id AS banner_id, banner.name AS banner_name, banner.url AS banner_url, banner.image AS banner_image, banner.enabled AS banner_enabled, banner.pos AS banner_pos, banner.date_created AS banner_date_created, banner.date_edited AS banner_date_edited \nFROM banner'] (Background on this error at: http://sqlalche.me/e/f405)

2019-02-10 02:41:24,125 WARNI [waitress.queue][MainThread] Task queue depth is 1
2019-03-07 19:12:14,396 ERROR [pyramid_debugtoolbar][waitress] Uncaught sqlalchemy.exc.ProgrammingError at http://localhost:6543/login
traceback url: http://localhost:6543/_debug_toolbar/313430363131363730303736363838/exception
Traceback (most recent call last):
  File "/home/master/banner_editor/venv/lib/python2.7/site-packages/pyramid_debugtoolbar/toolbar.py", line 257, in toolbar_tween
    response = _handler(request)
  File "/home/master/banner_editor/venv/lib/python2.7/site-packages/pyramid_debugtoolbar/panels/performance.py", line 58, in resource_timer_handler
    result = handler(request)
  File "/home/master/banner_editor/venv/lib/python2.7/site-packages/pyramid_tm/__init__.py", line 171, in tm_tween
    reraise(*exc_info)
  File "/home/master/banner_editor/venv/lib/python2.7/site-packages/pyramid_tm/__init__.py", line 136, in tm_tween
    response = handler(request)
  File "/home/master/banner_editor/venv/lib/python2.7/site-packages/pyramid/tweens.py", line 43, in excview_tween
    response = _error_handler(request, exc)
  File "/home/master/banner_editor/venv/lib/python2.7/site-packages/pyramid/tweens.py", line 17, in _error_handler
    reraise(*exc_info)
  File "/home/master/banner_editor/venv/lib/python2.7/site-packages/pyramid/tweens.py", line 41, in excview_tween
    response = handler(request)
  File "/home/master/banner_editor/venv/lib/python2.7/site-packages/pyramid/router.py", line 148, in handle_request
    registry, request, context, context_iface, view_name
  File "/home/master/banner_editor/venv/lib/python2.7/site-packages/pyramid/view.py", line 657, in _call_view
    response = view_callable(context, request)
  File "/home/master/banner_editor/venv/lib/python2.7/site-packages/pyramid/viewderivers.py", line 436, in rendered_view
    result = view(context, request)
  File "/home/master/banner_editor/venv/lib/python2.7/site-packages/pyramid/viewderivers.py", line 144, in _requestonly_view
    response = view(request)
  File "/home/master/banner_editor/venv/lib/python2.7/site-packages/banner_editor/views.py", line 99, in login
    Admin.login == form.data['login']).first()
  File "/home/master/banner_editor/venv/lib/python2.7/site-packages/sqlalchemy/orm/query.py", line 2979, in first
    ret = list(self[0:1])
  File "/home/master/banner_editor/venv/lib/python2.7/site-packages/sqlalchemy/orm/query.py", line 2771, in __getitem__
    return list(res)
  File "/home/master/banner_editor/venv/lib/python2.7/site-packages/sqlalchemy/orm/query.py", line 3081, in __iter__
    return self._execute_and_instances(context)
  File "/home/master/banner_editor/venv/lib/python2.7/site-packages/sqlalchemy/orm/query.py", line 3106, in _execute_and_instances
    result = conn.execute(querycontext.statement, self._params)
  File "/home/master/banner_editor/venv/lib/python2.7/site-packages/sqlalchemy/engine/base.py", line 980, in execute
    return meth(self, multiparams, params)
  File "/home/master/banner_editor/venv/lib/python2.7/site-packages/sqlalchemy/sql/elements.py", line 273, in _execute_on_connection
    return connection._execute_clauseelement(self, multiparams, params)
  File "/home/master/banner_editor/venv/lib/python2.7/site-packages/sqlalchemy/engine/base.py", line 1099, in _execute_clauseelement
    distilled_params,
  File "/home/master/banner_editor/venv/lib/python2.7/site-packages/sqlalchemy/engine/base.py", line 1240, in _execute_context
    e, statement, parameters, cursor, context
  File "/home/master/banner_editor/venv/lib/python2.7/site-packages/sqlalchemy/engine/base.py", line 1458, in _handle_dbapi_exception
    util.raise_from_cause(sqlalchemy_exception, exc_info)
  File "/home/master/banner_editor/venv/lib/python2.7/site-packages/sqlalchemy/util/compat.py", line 296, in raise_from_cause
    reraise(type(exception), exception, tb=exc_tb, cause=cause)
  File "/home/master/banner_editor/venv/lib/python2.7/site-packages/sqlalchemy/engine/base.py", line 1236, in _execute_context
    cursor, statement, parameters, context
  File "/home/master/banner_editor/venv/lib/python2.7/site-packages/sqlalchemy/engine/default.py", line 536, in do_execute
    cursor.execute(statement, parameters)
ProgrammingError: (psycopg2.ProgrammingError) relation "admin" does not exist
LINE 2: FROM admin 
             ^
 [SQL: 'SELECT admin.id AS admin_id, admin.group_id AS admin_group_id, admin.login AS admin_login, admin.password AS admin_password \nFROM admin \nWHERE admin.login = %(login_1)s \n LIMIT %(param_1)s'] [parameters: {'login_1': u'admin', 'param_1': 1}] (Background on this error at: http://sqlalche.me/e/f405)
2019-03-08 01:41:06,568 WARNI [waitress.queue][MainThread] Task queue depth is 1
2019-03-08 01:41:08,647 WARNI [waitress.queue][MainThread] Task queue depth is 1
2019-03-08 01:41:32,797 ERROR [pyramid_debugtoolbar][waitress] Uncaught sqlalchemy.exc.ProgrammingError at http://localhost:6543/login
traceback url: http://localhost:6543/_debug_toolbar/313430333039323039333634313132/exception
Traceback (most recent call last):
  File "/home/master/banner_editor/venv/lib/python2.7/site-packages/pyramid_debugtoolbar/toolbar.py", line 257, in toolbar_tween
    response = _handler(request)
  File "/home/master/banner_editor/venv/lib/python2.7/site-packages/pyramid_debugtoolbar/panels/performance.py", line 58, in resource_timer_handler
    result = handler(request)
  File "/home/master/banner_editor/venv/lib/python2.7/site-packages/pyramid_tm/__init__.py", line 171, in tm_tween
    reraise(*exc_info)
  File "/home/master/banner_editor/venv/lib/python2.7/site-packages/pyramid_tm/__init__.py", line 136, in tm_tween
    response = handler(request)
  File "/home/master/banner_editor/venv/lib/python2.7/site-packages/pyramid/tweens.py", line 43, in excview_tween
    response = _error_handler(request, exc)
  File "/home/master/banner_editor/venv/lib/python2.7/site-packages/pyramid/tweens.py", line 17, in _error_handler
    reraise(*exc_info)
  File "/home/master/banner_editor/venv/lib/python2.7/site-packages/pyramid/tweens.py", line 41, in excview_tween
    response = handler(request)
  File "/home/master/banner_editor/venv/lib/python2.7/site-packages/pyramid/router.py", line 148, in handle_request
    registry, request, context, context_iface, view_name
  File "/home/master/banner_editor/venv/lib/python2.7/site-packages/pyramid/view.py", line 657, in _call_view
    response = view_callable(context, request)
  File "/home/master/banner_editor/venv/lib/python2.7/site-packages/pyramid/viewderivers.py", line 436, in rendered_view
    result = view(context, request)
  File "/home/master/banner_editor/venv/lib/python2.7/site-packages/pyramid/viewderivers.py", line 144, in _requestonly_view
    response = view(request)
  File "/home/master/banner_editor/venv/lib/python2.7/site-packages/banner_editor/views.py", line 99, in login
    Admin.login == form.data['login']).first()
  File "/home/master/banner_editor/venv/lib/python2.7/site-packages/sqlalchemy/orm/query.py", line 2979, in first
    ret = list(self[0:1])
  File "/home/master/banner_editor/venv/lib/python2.7/site-packages/sqlalchemy/orm/query.py", line 2771, in __getitem__
    return list(res)
  File "/home/master/banner_editor/venv/lib/python2.7/site-packages/sqlalchemy/orm/query.py", line 3081, in __iter__
    return self._execute_and_instances(context)
  File "/home/master/banner_editor/venv/lib/python2.7/site-packages/sqlalchemy/orm/query.py", line 3106, in _execute_and_instances
    result = conn.execute(querycontext.statement, self._params)
  File "/home/master/banner_editor/venv/lib/python2.7/site-packages/sqlalchemy/engine/base.py", line 980, in execute
    return meth(self, multiparams, params)
  File "/home/master/banner_editor/venv/lib/python2.7/site-packages/sqlalchemy/sql/elements.py", line 273, in _execute_on_connection
    return connection._execute_clauseelement(self, multiparams, params)
  File "/home/master/banner_editor/venv/lib/python2.7/site-packages/sqlalchemy/engine/base.py", line 1099, in _execute_clauseelement
    distilled_params,
  File "/home/master/banner_editor/venv/lib/python2.7/site-packages/sqlalchemy/engine/base.py", line 1240, in _execute_context
    e, statement, parameters, cursor, context
  File "/home/master/banner_editor/venv/lib/python2.7/site-packages/sqlalchemy/engine/base.py", line 1458, in _handle_dbapi_exception
    util.raise_from_cause(sqlalchemy_exception, exc_info)
  File "/home/master/banner_editor/venv/lib/python2.7/site-packages/sqlalchemy/util/compat.py", line 296, in raise_from_cause
    reraise(type(exception), exception, tb=exc_tb, cause=cause)
  File "/home/master/banner_editor/venv/lib/python2.7/site-packages/sqlalchemy/engine/base.py", line 1236, in _execute_context
    cursor, statement, parameters, context
  File "/home/master/banner_editor/venv/lib/python2.7/site-packages/sqlalchemy/engine/default.py", line 536, in do_execute
    cursor.execute(statement, parameters)
ProgrammingError: (psycopg2.ProgrammingError) relation "admin" does not exist
LINE 2: FROM admin 
             ^
 [SQL: 'SELECT admin.id AS admin_id, admin.group_id AS admin_group_id, admin.login AS admin_login, admin.password AS admin_password \nFROM admin \nWHERE admin.login = %(login_1)s \n LIMIT %(param_1)s'] [parameters: {'login_1': u'admin', 'param_1': 1}] (Background on this error at: http://sqlalche.me/e/f405)
2019-03-08 01:41:36,781 WARNI [waitress.queue][MainThread] Task queue depth is 1
2019-03-08 01:42:44,532 ERROR [pyramid_debugtoolbar][waitress] Uncaught sqlalchemy.exc.ProgrammingError at http://localhost:6543/login
traceback url: http://localhost:6543/_debug_toolbar/313430333038393839313738303030/exception
Traceback (most recent call last):
  File "/home/master/banner_editor/venv/lib/python2.7/site-packages/pyramid_debugtoolbar/toolbar.py", line 257, in toolbar_tween
    response = _handler(request)
  File "/home/master/banner_editor/venv/lib/python2.7/site-packages/pyramid_debugtoolbar/panels/performance.py", line 58, in resource_timer_handler
    result = handler(request)
  File "/home/master/banner_editor/venv/lib/python2.7/site-packages/pyramid_tm/__init__.py", line 171, in tm_tween
    reraise(*exc_info)
  File "/home/master/banner_editor/venv/lib/python2.7/site-packages/pyramid_tm/__init__.py", line 136, in tm_tween
    response = handler(request)
  File "/home/master/banner_editor/venv/lib/python2.7/site-packages/pyramid/tweens.py", line 43, in excview_tween
    response = _error_handler(request, exc)
  File "/home/master/banner_editor/venv/lib/python2.7/site-packages/pyramid/tweens.py", line 17, in _error_handler
    reraise(*exc_info)
  File "/home/master/banner_editor/venv/lib/python2.7/site-packages/pyramid/tweens.py", line 41, in excview_tween
    response = handler(request)
  File "/home/master/banner_editor/venv/lib/python2.7/site-packages/pyramid/router.py", line 148, in handle_request
    registry, request, context, context_iface, view_name
  File "/home/master/banner_editor/venv/lib/python2.7/site-packages/pyramid/view.py", line 657, in _call_view
    response = view_callable(context, request)
  File "/home/master/banner_editor/venv/lib/python2.7/site-packages/pyramid/viewderivers.py", line 436, in rendered_view
    result = view(context, request)
  File "/home/master/banner_editor/venv/lib/python2.7/site-packages/pyramid/viewderivers.py", line 144, in _requestonly_view
    response = view(request)
  File "/home/master/banner_editor/venv/lib/python2.7/site-packages/banner_editor/views.py", line 99, in login
    Admin.login == form.data['login']).first()
  File "/home/master/banner_editor/venv/lib/python2.7/site-packages/sqlalchemy/orm/query.py", line 2979, in first
    ret = list(self[0:1])
  File "/home/master/banner_editor/venv/lib/python2.7/site-packages/sqlalchemy/orm/query.py", line 2771, in __getitem__
    return list(res)
  File "/home/master/banner_editor/venv/lib/python2.7/site-packages/sqlalchemy/orm/query.py", line 3081, in __iter__
    return self._execute_and_instances(context)
  File "/home/master/banner_editor/venv/lib/python2.7/site-packages/sqlalchemy/orm/query.py", line 3106, in _execute_and_instances
    result = conn.execute(querycontext.statement, self._params)
  File "/home/master/banner_editor/venv/lib/python2.7/site-packages/sqlalchemy/engine/base.py", line 980, in execute
    return meth(self, multiparams, params)
  File "/home/master/banner_editor/venv/lib/python2.7/site-packages/sqlalchemy/sql/elements.py", line 273, in _execute_on_connection
    return connection._execute_clauseelement(self, multiparams, params)
  File "/home/master/banner_editor/venv/lib/python2.7/site-packages/sqlalchemy/engine/base.py", line 1099, in _execute_clauseelement
    distilled_params,
  File "/home/master/banner_editor/venv/lib/python2.7/site-packages/sqlalchemy/engine/base.py", line 1240, in _execute_context
    e, statement, parameters, cursor, context
  File "/home/master/banner_editor/venv/lib/python2.7/site-packages/sqlalchemy/engine/base.py", line 1458, in _handle_dbapi_exception
    util.raise_from_cause(sqlalchemy_exception, exc_info)
  File "/home/master/banner_editor/venv/lib/python2.7/site-packages/sqlalchemy/util/compat.py", line 296, in raise_from_cause
    reraise(type(exception), exception, tb=exc_tb, cause=cause)
  File "/home/master/banner_editor/venv/lib/python2.7/site-packages/sqlalchemy/engine/base.py", line 1236, in _execute_context
    cursor, statement, parameters, context
  File "/home/master/banner_editor/venv/lib/python2.7/site-packages/sqlalchemy/engine/default.py", line 536, in do_execute
    cursor.execute(statement, parameters)
ProgrammingError: (psycopg2.ProgrammingError) relation "admin" does not exist
LINE 2: FROM admin 
             ^
 [SQL: 'SELECT admin.id AS admin_id, admin.group_id AS admin_group_id, admin.login AS admin_login, admin.password AS admin_password \nFROM admin \nWHERE admin.login = %(login_1)s \n LIMIT %(param_1)s'] [parameters: {'login_1': u'admin', 'param_1': 1}] (Background on this error at: http://sqlalche.me/e/f405)
2019-03-08 01:48:03,233 ERROR [pyramid_debugtoolbar][waitress] Uncaught sqlalchemy.exc.ProgrammingError at http://localhost:6543/login
traceback url: http://localhost:6543/_debug_toolbar/313430323031393938333039333238/exception
Traceback (most recent call last):
  File "/home/master/banner_editor/venv/lib/python2.7/site-packages/pyramid_debugtoolbar/toolbar.py", line 257, in toolbar_tween
    response = _handler(request)
  File "/home/master/banner_editor/venv/lib/python2.7/site-packages/pyramid_debugtoolbar/panels/performance.py", line 58, in resource_timer_handler
    result = handler(request)
  File "/home/master/banner_editor/venv/lib/python2.7/site-packages/pyramid_tm/__init__.py", line 171, in tm_tween
    reraise(*exc_info)
  File "/home/master/banner_editor/venv/lib/python2.7/site-packages/pyramid_tm/__init__.py", line 136, in tm_tween
    response = handler(request)
  File "/home/master/banner_editor/venv/lib/python2.7/site-packages/pyramid/tweens.py", line 43, in excview_tween
    response = _error_handler(request, exc)
  File "/home/master/banner_editor/venv/lib/python2.7/site-packages/pyramid/tweens.py", line 17, in _error_handler
    reraise(*exc_info)
  File "/home/master/banner_editor/venv/lib/python2.7/site-packages/pyramid/tweens.py", line 41, in excview_tween
    response = handler(request)
  File "/home/master/banner_editor/venv/lib/python2.7/site-packages/pyramid/router.py", line 148, in handle_request
    registry, request, context, context_iface, view_name
  File "/home/master/banner_editor/venv/lib/python2.7/site-packages/pyramid/view.py", line 657, in _call_view
    response = view_callable(context, request)
  File "/home/master/banner_editor/venv/lib/python2.7/site-packages/pyramid/viewderivers.py", line 436, in rendered_view
    result = view(context, request)
  File "/home/master/banner_editor/venv/lib/python2.7/site-packages/pyramid/viewderivers.py", line 144, in _requestonly_view
    response = view(request)
  File "/home/master/banner_editor/venv/lib/python2.7/site-packages/banner_editor/views.py", line 99, in login
    Admin.login == form.data['login']).first()
  File "/home/master/banner_editor/venv/lib/python2.7/site-packages/sqlalchemy/orm/query.py", line 2979, in first
    ret = list(self[0:1])
  File "/home/master/banner_editor/venv/lib/python2.7/site-packages/sqlalchemy/orm/query.py", line 2771, in __getitem__
    return list(res)
  File "/home/master/banner_editor/venv/lib/python2.7/site-packages/sqlalchemy/orm/query.py", line 3081, in __iter__
    return self._execute_and_instances(context)
  File "/home/master/banner_editor/venv/lib/python2.7/site-packages/sqlalchemy/orm/query.py", line 3106, in _execute_and_instances
    result = conn.execute(querycontext.statement, self._params)
  File "/home/master/banner_editor/venv/lib/python2.7/site-packages/sqlalchemy/engine/base.py", line 980, in execute
    return meth(self, multiparams, params)
  File "/home/master/banner_editor/venv/lib/python2.7/site-packages/sqlalchemy/sql/elements.py", line 273, in _execute_on_connection
    return connection._execute_clauseelement(self, multiparams, params)
  File "/home/master/banner_editor/venv/lib/python2.7/site-packages/sqlalchemy/engine/base.py", line 1099, in _execute_clauseelement
    distilled_params,
  File "/home/master/banner_editor/venv/lib/python2.7/site-packages/sqlalchemy/engine/base.py", line 1240, in _execute_context
    e, statement, parameters, cursor, context
  File "/home/master/banner_editor/venv/lib/python2.7/site-packages/sqlalchemy/engine/base.py", line 1458, in _handle_dbapi_exception
    util.raise_from_cause(sqlalchemy_exception, exc_info)
  File "/home/master/banner_editor/venv/lib/python2.7/site-packages/sqlalchemy/util/compat.py", line 296, in raise_from_cause
    reraise(type(exception), exception, tb=exc_tb, cause=cause)
  File "/home/master/banner_editor/venv/lib/python2.7/site-packages/sqlalchemy/engine/base.py", line 1236, in _execute_context
    cursor, statement, parameters, context
  File "/home/master/banner_editor/venv/lib/python2.7/site-packages/sqlalchemy/engine/default.py", line 536, in do_execute
    cursor.execute(statement, parameters)
ProgrammingError: (psycopg2.ProgrammingError) relation "admin" does not exist
LINE 2: FROM admin 
             ^
 [SQL: 'SELECT admin.id AS admin_id, admin.group_id AS admin_group_id, admin.login AS admin_login, admin.password AS admin_password \nFROM admin \nWHERE admin.login = %(login_1)s \n LIMIT %(param_1)s'] [parameters: {'login_1': u'admin', 'param_1': 1}] (Background on this error at: http://sqlalche.me/e/f405)
2019-03-08 01:48:03,295 WARNI [waitress.queue][MainThread] Task queue depth is 1
2019-03-08 01:48:03,296 WARNI [waitress.queue][MainThread] Task queue depth is 1
2019-03-08 01:48:06,236 WARNI [waitress.queue][MainThread] Task queue depth is 1
2019-03-08 01:54:04,248 WARNI [waitress.queue][MainThread] Task queue depth is 1
2019-03-08 01:54:04,250 WARNI [waitress.queue][MainThread] Task queue depth is 1
2019-03-08 01:54:06,908 WARNI [waitress.queue][MainThread] Task queue depth is 1
2019-03-08 01:54:06,910 WARNI [waitress.queue][MainThread] Task queue depth is 2
2019-03-08 01:54:11,716 ERROR [pyramid_debugtoolbar][waitress] Uncaught sqlalchemy.exc.ProgrammingError at http://localhost:6543/login
traceback url: http://localhost:6543/_debug_toolbar/313430373131373937363239333932/exception
Traceback (most recent call last):
  File "/home/master/banner_editor/venv/lib/python2.7/site-packages/pyramid_debugtoolbar/toolbar.py", line 257, in toolbar_tween
    response = _handler(request)
  File "/home/master/banner_editor/venv/lib/python2.7/site-packages/pyramid_debugtoolbar/panels/performance.py", line 58, in resource_timer_handler
    result = handler(request)
  File "/home/master/banner_editor/venv/lib/python2.7/site-packages/pyramid_tm/__init__.py", line 171, in tm_tween
    reraise(*exc_info)
  File "/home/master/banner_editor/venv/lib/python2.7/site-packages/pyramid_tm/__init__.py", line 136, in tm_tween
    response = handler(request)
  File "/home/master/banner_editor/venv/lib/python2.7/site-packages/pyramid/tweens.py", line 43, in excview_tween
    response = _error_handler(request, exc)
  File "/home/master/banner_editor/venv/lib/python2.7/site-packages/pyramid/tweens.py", line 17, in _error_handler
    reraise(*exc_info)
  File "/home/master/banner_editor/venv/lib/python2.7/site-packages/pyramid/tweens.py", line 41, in excview_tween
    response = handler(request)
  File "/home/master/banner_editor/venv/lib/python2.7/site-packages/pyramid/router.py", line 148, in handle_request
    registry, request, context, context_iface, view_name
  File "/home/master/banner_editor/venv/lib/python2.7/site-packages/pyramid/view.py", line 657, in _call_view
    response = view_callable(context, request)
  File "/home/master/banner_editor/venv/lib/python2.7/site-packages/pyramid/viewderivers.py", line 436, in rendered_view
    result = view(context, request)
  File "/home/master/banner_editor/venv/lib/python2.7/site-packages/pyramid/viewderivers.py", line 144, in _requestonly_view
    response = view(request)
  File "/home/master/banner_editor/venv/lib/python2.7/site-packages/banner_editor/views.py", line 99, in login
    Admin.login == form.data['login']).first()
  File "/home/master/banner_editor/venv/lib/python2.7/site-packages/sqlalchemy/orm/query.py", line 2979, in first
    ret = list(self[0:1])
  File "/home/master/banner_editor/venv/lib/python2.7/site-packages/sqlalchemy/orm/query.py", line 2771, in __getitem__
    return list(res)
  File "/home/master/banner_editor/venv/lib/python2.7/site-packages/sqlalchemy/orm/query.py", line 3081, in __iter__
    return self._execute_and_instances(context)
  File "/home/master/banner_editor/venv/lib/python2.7/site-packages/sqlalchemy/orm/query.py", line 3106, in _execute_and_instances
    result = conn.execute(querycontext.statement, self._params)
  File "/home/master/banner_editor/venv/lib/python2.7/site-packages/sqlalchemy/engine/base.py", line 980, in execute
    return meth(self, multiparams, params)
  File "/home/master/banner_editor/venv/lib/python2.7/site-packages/sqlalchemy/sql/elements.py", line 273, in _execute_on_connection
    return connection._execute_clauseelement(self, multiparams, params)
  File "/home/master/banner_editor/venv/lib/python2.7/site-packages/sqlalchemy/engine/base.py", line 1099, in _execute_clauseelement
    distilled_params,
  File "/home/master/banner_editor/venv/lib/python2.7/site-packages/sqlalchemy/engine/base.py", line 1240, in _execute_context
    e, statement, parameters, cursor, context
  File "/home/master/banner_editor/venv/lib/python2.7/site-packages/sqlalchemy/engine/base.py", line 1458, in _handle_dbapi_exception
    util.raise_from_cause(sqlalchemy_exception, exc_info)
  File "/home/master/banner_editor/venv/lib/python2.7/site-packages/sqlalchemy/util/compat.py", line 296, in raise_from_cause
    reraise(type(exception), exception, tb=exc_tb, cause=cause)
  File "/home/master/banner_editor/venv/lib/python2.7/site-packages/sqlalchemy/engine/base.py", line 1236, in _execute_context
    cursor, statement, parameters, context
  File "/home/master/banner_editor/venv/lib/python2.7/site-packages/sqlalchemy/engine/default.py", line 536, in do_execute
    cursor.execute(statement, parameters)
ProgrammingError: (psycopg2.ProgrammingError) relation "admin" does not exist
LINE 2: FROM admin 
             ^
 [SQL: 'SELECT admin.id AS admin_id, admin.group_id AS admin_group_id, admin.login AS admin_login, admin.password AS admin_password \nFROM admin \nWHERE admin.login = %(login_1)s \n LIMIT %(param_1)s'] [parameters: {'login_1': u'admin', 'param_1': 1}] (Background on this error at: http://sqlalche.me/e/f405)
2019-03-08 01:54:11,857 WARNI [waitress.queue][MainThread] Task queue depth is 1
2019-03-08 01:54:18,298 WARNI [waitress.queue][MainThread] Task queue depth is 1
2019-03-08 01:54:18,848 WARNI [waitress.queue][MainThread] Task queue depth is 1
2019-03-08 01:54:18,853 WARNI [waitress.queue][MainThread] Task queue depth is 1
2019-03-08 01:54:20,394 WARNI [waitress.queue][MainThread] Task queue depth is 1
2019-03-08 01:54:20,399 WARNI [waitress.queue][MainThread] Task queue depth is 1
2019-03-08 01:54:21,347 WARNI [waitress.queue][MainThread] Task queue depth is 1
2019-03-08 01:54:23,963 WARNI [waitress.queue][MainThread] Task queue depth is 1
2019-03-08 01:54:23,967 WARNI [waitress.queue][MainThread] Task queue depth is 1
2019-03-08 02:52:17,625 WARNI [waitress.queue][MainThread] Task queue depth is 1
2019-03-08 02:56:23,327 ERROR [pyramid_debugtoolbar][waitress] Uncaught sqlalchemy.exc.ProgrammingError at http://localhost:6543/login
traceback url: http://localhost:6543/_debug_toolbar/313430303838373835343634323038/exception
Traceback (most recent call last):
  File "/home/master/banner_editor/venv/lib/python2.7/site-packages/pyramid_debugtoolbar/toolbar.py", line 257, in toolbar_tween
    response = _handler(request)
  File "/home/master/banner_editor/venv/lib/python2.7/site-packages/pyramid_debugtoolbar/panels/performance.py", line 58, in resource_timer_handler
    result = handler(request)
  File "/home/master/banner_editor/venv/lib/python2.7/site-packages/pyramid_tm/__init__.py", line 171, in tm_tween
    reraise(*exc_info)
  File "/home/master/banner_editor/venv/lib/python2.7/site-packages/pyramid_tm/__init__.py", line 136, in tm_tween
    response = handler(request)
  File "/home/master/banner_editor/venv/lib/python2.7/site-packages/pyramid/tweens.py", line 43, in excview_tween
    response = _error_handler(request, exc)
  File "/home/master/banner_editor/venv/lib/python2.7/site-packages/pyramid/tweens.py", line 17, in _error_handler
    reraise(*exc_info)
  File "/home/master/banner_editor/venv/lib/python2.7/site-packages/pyramid/tweens.py", line 41, in excview_tween
    response = handler(request)
  File "/home/master/banner_editor/venv/lib/python2.7/site-packages/pyramid/router.py", line 148, in handle_request
    registry, request, context, context_iface, view_name
  File "/home/master/banner_editor/venv/lib/python2.7/site-packages/pyramid/view.py", line 657, in _call_view
    response = view_callable(context, request)
  File "/home/master/banner_editor/venv/lib/python2.7/site-packages/pyramid/viewderivers.py", line 436, in rendered_view
    result = view(context, request)
  File "/home/master/banner_editor/venv/lib/python2.7/site-packages/pyramid/viewderivers.py", line 144, in _requestonly_view
    response = view(request)
  File "/home/master/banner_editor/venv/lib/python2.7/site-packages/banner_editor/views.py", line 99, in login
    Admin.login == form.data['login']).first()
  File "/home/master/banner_editor/venv/lib/python2.7/site-packages/sqlalchemy/orm/query.py", line 2979, in first
    ret = list(self[0:1])
  File "/home/master/banner_editor/venv/lib/python2.7/site-packages/sqlalchemy/orm/query.py", line 2771, in __getitem__
    return list(res)
  File "/home/master/banner_editor/venv/lib/python2.7/site-packages/sqlalchemy/orm/query.py", line 3081, in __iter__
    return self._execute_and_instances(context)
  File "/home/master/banner_editor/venv/lib/python2.7/site-packages/sqlalchemy/orm/query.py", line 3106, in _execute_and_instances
    result = conn.execute(querycontext.statement, self._params)
  File "/home/master/banner_editor/venv/lib/python2.7/site-packages/sqlalchemy/engine/base.py", line 980, in execute
    return meth(self, multiparams, params)
  File "/home/master/banner_editor/venv/lib/python2.7/site-packages/sqlalchemy/sql/elements.py", line 273, in _execute_on_connection
    return connection._execute_clauseelement(self, multiparams, params)
  File "/home/master/banner_editor/venv/lib/python2.7/site-packages/sqlalchemy/engine/base.py", line 1099, in _execute_clauseelement
    distilled_params,
  File "/home/master/banner_editor/venv/lib/python2.7/site-packages/sqlalchemy/engine/base.py", line 1240, in _execute_context
    e, statement, parameters, cursor, context
  File "/home/master/banner_editor/venv/lib/python2.7/site-packages/sqlalchemy/engine/base.py", line 1458, in _handle_dbapi_exception
    util.raise_from_cause(sqlalchemy_exception, exc_info)
  File "/home/master/banner_editor/venv/lib/python2.7/site-packages/sqlalchemy/util/compat.py", line 296, in raise_from_cause
    reraise(type(exception), exception, tb=exc_tb, cause=cause)
  File "/home/master/banner_editor/venv/lib/python2.7/site-packages/sqlalchemy/engine/base.py", line 1236, in _execute_context
    cursor, statement, parameters, context
  File "/home/master/banner_editor/venv/lib/python2.7/site-packages/sqlalchemy/engine/default.py", line 536, in do_execute
    cursor.execute(statement, parameters)
ProgrammingError: (psycopg2.ProgrammingError) relation "admin" does not exist
LINE 2: FROM admin 
             ^
 [SQL: 'SELECT admin.id AS admin_id, admin.group_id AS admin_group_id, admin.login AS admin_login, admin.password AS admin_password \nFROM admin \nWHERE admin.login = %(login_1)s \n LIMIT %(param_1)s'] [parameters: {'login_1': u'admil', 'param_1': 1}] (Background on this error at: http://sqlalche.me/e/f405)
2019-03-08 03:19:54,460 ERROR [pyramid_debugtoolbar][waitress] Uncaught sqlalchemy.exc.ProgrammingError at http://localhost:6543/login
traceback url: http://localhost:6543/_debug_toolbar/313430343338393231363832353132/exception
Traceback (most recent call last):
  File "/home/master/banner_editor/venv/lib/python2.7/site-packages/pyramid_debugtoolbar/toolbar.py", line 257, in toolbar_tween
    response = _handler(request)
  File "/home/master/banner_editor/venv/lib/python2.7/site-packages/pyramid_debugtoolbar/panels/performance.py", line 58, in resource_timer_handler
    result = handler(request)
  File "/home/master/banner_editor/venv/lib/python2.7/site-packages/pyramid_tm/__init__.py", line 171, in tm_tween
    reraise(*exc_info)
  File "/home/master/banner_editor/venv/lib/python2.7/site-packages/pyramid_tm/__init__.py", line 136, in tm_tween
    response = handler(request)
  File "/home/master/banner_editor/venv/lib/python2.7/site-packages/pyramid/tweens.py", line 43, in excview_tween
    response = _error_handler(request, exc)
  File "/home/master/banner_editor/venv/lib/python2.7/site-packages/pyramid/tweens.py", line 17, in _error_handler
    reraise(*exc_info)
  File "/home/master/banner_editor/venv/lib/python2.7/site-packages/pyramid/tweens.py", line 41, in excview_tween
    response = handler(request)
  File "/home/master/banner_editor/venv/lib/python2.7/site-packages/pyramid/router.py", line 148, in handle_request
    registry, request, context, context_iface, view_name
  File "/home/master/banner_editor/venv/lib/python2.7/site-packages/pyramid/view.py", line 657, in _call_view
    response = view_callable(context, request)
  File "/home/master/banner_editor/venv/lib/python2.7/site-packages/pyramid/viewderivers.py", line 436, in rendered_view
    result = view(context, request)
  File "/home/master/banner_editor/venv/lib/python2.7/site-packages/pyramid/viewderivers.py", line 144, in _requestonly_view
    response = view(request)
  File "/home/master/banner_editor/venv/lib/python2.7/site-packages/banner_editor/views.py", line 99, in login
    Admin.login == form.data['login']).first()
  File "/home/master/banner_editor/venv/lib/python2.7/site-packages/sqlalchemy/orm/query.py", line 3214, in first
    ret = list(self[0:1])
  File "/home/master/banner_editor/venv/lib/python2.7/site-packages/sqlalchemy/orm/query.py", line 3006, in __getitem__
    return list(res)
  File "/home/master/banner_editor/venv/lib/python2.7/site-packages/sqlalchemy/orm/query.py", line 3316, in __iter__
    return self._execute_and_instances(context)
  File "/home/master/banner_editor/venv/lib/python2.7/site-packages/sqlalchemy/orm/query.py", line 3341, in _execute_and_instances
    result = conn.execute(querycontext.statement, self._params)
  File "/home/master/banner_editor/venv/lib/python2.7/site-packages/sqlalchemy/engine/base.py", line 988, in execute
    return meth(self, multiparams, params)
  File "/home/master/banner_editor/venv/lib/python2.7/site-packages/sqlalchemy/sql/elements.py", line 287, in _execute_on_connection
    return connection._execute_clauseelement(self, multiparams, params)
  File "/home/master/banner_editor/venv/lib/python2.7/site-packages/sqlalchemy/engine/base.py", line 1107, in _execute_clauseelement
    distilled_params,
  File "/home/master/banner_editor/venv/lib/python2.7/site-packages/sqlalchemy/engine/base.py", line 1248, in _execute_context
    e, statement, parameters, cursor, context
  File "/home/master/banner_editor/venv/lib/python2.7/site-packages/sqlalchemy/engine/base.py", line 1466, in _handle_dbapi_exception
    util.raise_from_cause(sqlalchemy_exception, exc_info)
  File "/home/master/banner_editor/venv/lib/python2.7/site-packages/sqlalchemy/util/compat.py", line 383, in raise_from_cause
    reraise(type(exception), exception, tb=exc_tb, cause=cause)
  File "/home/master/banner_editor/venv/lib/python2.7/site-packages/sqlalchemy/engine/base.py", line 1244, in _execute_context
    cursor, statement, parameters, context
  File "/home/master/banner_editor/venv/lib/python2.7/site-packages/sqlalchemy/engine/default.py", line 552, in do_execute
    cursor.execute(statement, parameters)
ProgrammingError: (psycopg2.ProgrammingError) relation "admin" does not exist
LINE 2: FROM admin 
             ^

[SQL: SELECT admin.id AS admin_id, admin.group_id AS admin_group_id, admin.login AS admin_login, admin.password AS admin_password 
FROM admin 
WHERE admin.login = %(login_1)s 
 LIMIT %(param_1)s]
[parameters: {'login_1': u'12', 'param_1': 1}]
(Background on this error at: http://sqlalche.me/e/f405)
2019-03-08 03:19:54,614 WARNI [waitress.queue][MainThread] Task queue depth is 1
2019-03-08 03:19:54,648 WARNI [waitress.queue][MainThread] Task queue depth is 1
2019-03-08 03:30:26,891 ERROR [pyramid_debugtoolbar][waitress] Uncaught sqlalchemy.exc.ProgrammingError at http://localhost:6543/login
traceback url: http://localhost:6543/_debug_toolbar/313339393538333030343134323838/exception
Traceback (most recent call last):
  File "/home/master/banner_editor/venv/lib/python2.7/site-packages/pyramid_debugtoolbar/toolbar.py", line 257, in toolbar_tween
    response = _handler(request)
  File "/home/master/banner_editor/venv/lib/python2.7/site-packages/pyramid_debugtoolbar/panels/performance.py", line 58, in resource_timer_handler
    result = handler(request)
  File "/home/master/banner_editor/venv/lib/python2.7/site-packages/pyramid_tm/__init__.py", line 171, in tm_tween
    reraise(*exc_info)
  File "/home/master/banner_editor/venv/lib/python2.7/site-packages/pyramid_tm/__init__.py", line 136, in tm_tween
    response = handler(request)
  File "/home/master/banner_editor/venv/lib/python2.7/site-packages/pyramid/tweens.py", line 43, in excview_tween
    response = _error_handler(request, exc)
  File "/home/master/banner_editor/venv/lib/python2.7/site-packages/pyramid/tweens.py", line 17, in _error_handler
    reraise(*exc_info)
  File "/home/master/banner_editor/venv/lib/python2.7/site-packages/pyramid/tweens.py", line 41, in excview_tween
    response = handler(request)
  File "/home/master/banner_editor/venv/lib/python2.7/site-packages/pyramid/router.py", line 148, in handle_request
    registry, request, context, context_iface, view_name
  File "/home/master/banner_editor/venv/lib/python2.7/site-packages/pyramid/view.py", line 657, in _call_view
    response = view_callable(context, request)
  File "/home/master/banner_editor/venv/lib/python2.7/site-packages/pyramid/viewderivers.py", line 436, in rendered_view
    result = view(context, request)
  File "/home/master/banner_editor/venv/lib/python2.7/site-packages/pyramid/viewderivers.py", line 144, in _requestonly_view
    response = view(request)
  File "/home/master/banner_editor/venv/lib/python2.7/site-packages/banner_editor/views.py", line 99, in login
    Admin.login == form.data['login']).first()
  File "/home/master/banner_editor/venv/lib/python2.7/site-packages/sqlalchemy/orm/query.py", line 3214, in first
    ret = list(self[0:1])
  File "/home/master/banner_editor/venv/lib/python2.7/site-packages/sqlalchemy/orm/query.py", line 3006, in __getitem__
    return list(res)
  File "/home/master/banner_editor/venv/lib/python2.7/site-packages/sqlalchemy/orm/query.py", line 3316, in __iter__
    return self._execute_and_instances(context)
  File "/home/master/banner_editor/venv/lib/python2.7/site-packages/sqlalchemy/orm/query.py", line 3341, in _execute_and_instances
    result = conn.execute(querycontext.statement, self._params)
  File "/home/master/banner_editor/venv/lib/python2.7/site-packages/sqlalchemy/engine/base.py", line 988, in execute
    return meth(self, multiparams, params)
  File "/home/master/banner_editor/venv/lib/python2.7/site-packages/sqlalchemy/sql/elements.py", line 287, in _execute_on_connection
    return connection._execute_clauseelement(self, multiparams, params)
  File "/home/master/banner_editor/venv/lib/python2.7/site-packages/sqlalchemy/engine/base.py", line 1107, in _execute_clauseelement
    distilled_params,
  File "/home/master/banner_editor/venv/lib/python2.7/site-packages/sqlalchemy/engine/base.py", line 1248, in _execute_context
    e, statement, parameters, cursor, context
  File "/home/master/banner_editor/venv/lib/python2.7/site-packages/sqlalchemy/engine/base.py", line 1466, in _handle_dbapi_exception
    util.raise_from_cause(sqlalchemy_exception, exc_info)
  File "/home/master/banner_editor/venv/lib/python2.7/site-packages/sqlalchemy/util/compat.py", line 383, in raise_from_cause
    reraise(type(exception), exception, tb=exc_tb, cause=cause)
  File "/home/master/banner_editor/venv/lib/python2.7/site-packages/sqlalchemy/engine/base.py", line 1244, in _execute_context
    cursor, statement, parameters, context
  File "/home/master/banner_editor/venv/lib/python2.7/site-packages/sqlalchemy/engine/default.py", line 552, in do_execute
    cursor.execute(statement, parameters)
ProgrammingError: (psycopg2.ProgrammingError) relation "admin" does not exist
LINE 2: FROM admin 
             ^

[SQL: SELECT admin.id AS admin_id, admin.group_id AS admin_group_id, admin.login AS admin_login, admin.password AS admin_password 
FROM admin 
WHERE admin.login = %(login_1)s 
 LIMIT %(param_1)s]
[parameters: {'login_1': u'12', 'param_1': 1}]
(Background on this error at: http://sqlalche.me/e/f405)
2019-03-08 12:28:16,391 ERROR [banner_editor.views][waitress] (psycopg2.IntegrityError) null value in column "group" violates not-null constraint
DETAIL:  Failing row contains (4, consumer, null, consumer, $2b$12$pnpJFGrC0QDMGHpy62MTvuHyMhUkWecim3KeSBk5h6odAH2U1zIzS).
Traceback (most recent call last):
  File "/home/master/banner_editor/banner_editor/views.py", line 134, in consumer_add
    DBSession.flush()
  File "/home/master/banner_editor/venv/lib/python2.7/site-packages/sqlalchemy/orm/scoping.py", line 162, in do
    return getattr(self.registry(), name)(*args, **kwargs)
  File "/home/master/banner_editor/venv/lib/python2.7/site-packages/sqlalchemy/orm/session.py", line 2451, in flush
    self._flush(objects)
  File "/home/master/banner_editor/venv/lib/python2.7/site-packages/sqlalchemy/orm/session.py", line 2589, in _flush
    transaction.rollback(_capture_exception=True)
  File "/home/master/banner_editor/venv/lib/python2.7/site-packages/sqlalchemy/util/langhelpers.py", line 68, in __exit__
    compat.reraise(exc_type, exc_value, exc_tb)
  File "/home/master/banner_editor/venv/lib/python2.7/site-packages/sqlalchemy/orm/session.py", line 2549, in _flush
    flush_context.execute()
  File "/home/master/banner_editor/venv/lib/python2.7/site-packages/sqlalchemy/orm/unitofwork.py", line 422, in execute
    rec.execute(self)
  File "/home/master/banner_editor/venv/lib/python2.7/site-packages/sqlalchemy/orm/unitofwork.py", line 589, in execute
    uow,
  File "/home/master/banner_editor/venv/lib/python2.7/site-packages/sqlalchemy/orm/persistence.py", line 245, in save_obj
    insert,
  File "/home/master/banner_editor/venv/lib/python2.7/site-packages/sqlalchemy/orm/persistence.py", line 1120, in _emit_insert_statements
    statement, params
  File "/home/master/banner_editor/venv/lib/python2.7/site-packages/sqlalchemy/engine/base.py", line 988, in execute
    return meth(self, multiparams, params)
  File "/home/master/banner_editor/venv/lib/python2.7/site-packages/sqlalchemy/sql/elements.py", line 287, in _execute_on_connection
    return connection._execute_clauseelement(self, multiparams, params)
  File "/home/master/banner_editor/venv/lib/python2.7/site-packages/sqlalchemy/engine/base.py", line 1107, in _execute_clauseelement
    distilled_params,
  File "/home/master/banner_editor/venv/lib/python2.7/site-packages/sqlalchemy/engine/base.py", line 1248, in _execute_context
    e, statement, parameters, cursor, context
  File "/home/master/banner_editor/venv/lib/python2.7/site-packages/sqlalchemy/engine/base.py", line 1466, in _handle_dbapi_exception
    util.raise_from_cause(sqlalchemy_exception, exc_info)
  File "/home/master/banner_editor/venv/lib/python2.7/site-packages/sqlalchemy/util/compat.py", line 383, in raise_from_cause
    reraise(type(exception), exception, tb=exc_tb, cause=cause)
  File "/home/master/banner_editor/venv/lib/python2.7/site-packages/sqlalchemy/engine/base.py", line 1244, in _execute_context
    cursor, statement, parameters, context
  File "/home/master/banner_editor/venv/lib/python2.7/site-packages/sqlalchemy/engine/default.py", line 552, in do_execute
    cursor.execute(statement, parameters)
IntegrityError: (psycopg2.IntegrityError) null value in column "group" violates not-null constraint
DETAIL:  Failing row contains (4, consumer, null, consumer, $2b$12$pnpJFGrC0QDMGHpy62MTvuHyMhUkWecim3KeSBk5h6odAH2U1zIzS).

[SQL: INSERT INTO "user" (user_type, "group", email, password) VALUES (%(user_type)s, %(group)s, %(email)s, %(password)s) RETURNING "user".id]
[parameters: {'password': u'$2b$12$pnpJFGrC0QDMGHpy62MTvuHyMhUkWecim3KeSBk5h6odAH2U1zIzS', 'group': None, 'user_type': 'consumer', 'email': u'consumer'}]
(Background on this error at: http://sqlalche.me/e/gkpj)
2019-03-08 13:23:37,627 ERROR [waitress][waitress] Exception when serving /consumer/1/edit
Traceback (most recent call last):
  File "/home/master/banner_editor/venv/lib/python2.7/site-packages/waitress/channel.py", line 336, in service
    task.service()
  File "/home/master/banner_editor/venv/lib/python2.7/site-packages/waitress/task.py", line 175, in service
    self.execute()
  File "/home/master/banner_editor/venv/lib/python2.7/site-packages/waitress/task.py", line 452, in execute
    app_iter = self.channel.server.application(env, start_response)
  File "/home/master/banner_editor/venv/lib/python2.7/site-packages/pyramid/router.py", line 270, in __call__
    response = self.execution_policy(environ, self)
  File "/home/master/banner_editor/venv/lib/python2.7/site-packages/pyramid/router.py", line 279, in default_execution_policy
    return request.invoke_exception_view(reraise=True)
  File "/home/master/banner_editor/venv/lib/python2.7/site-packages/pyramid/view.py", line 768, in invoke_exception_view
    reraise_(*exc_info)
  File "/home/master/banner_editor/venv/lib/python2.7/site-packages/pyramid/router.py", line 277, in default_execution_policy
    return router.invoke_request(request)
  File "/home/master/banner_editor/venv/lib/python2.7/site-packages/pyramid/router.py", line 249, in invoke_request
    response = handle_request(request)
  File "/home/master/banner_editor/venv/lib/python2.7/site-packages/pyramid_tm/__init__.py", line 171, in tm_tween
    reraise(*exc_info)
  File "/home/master/banner_editor/venv/lib/python2.7/site-packages/pyramid_tm/__init__.py", line 136, in tm_tween
    response = handler(request)
  File "/home/master/banner_editor/venv/lib/python2.7/site-packages/pyramid/tweens.py", line 43, in excview_tween
    response = _error_handler(request, exc)
  File "/home/master/banner_editor/venv/lib/python2.7/site-packages/pyramid/tweens.py", line 17, in _error_handler
    reraise(*exc_info)
  File "/home/master/banner_editor/venv/lib/python2.7/site-packages/pyramid/tweens.py", line 41, in excview_tween
    response = handler(request)
  File "/home/master/banner_editor/venv/lib/python2.7/site-packages/pyramid/router.py", line 148, in handle_request
    registry, request, context, context_iface, view_name
  File "/home/master/banner_editor/venv/lib/python2.7/site-packages/pyramid/view.py", line 657, in _call_view
    response = view_callable(context, request)
  File "/home/master/banner_editor/venv/lib/python2.7/site-packages/pyramid/viewderivers.py", line 325, in secured_view
    return view(context, request)
  File "/home/master/banner_editor/venv/lib/python2.7/site-packages/pyramid/viewderivers.py", line 401, in viewresult_to_response
    result = view(context, request)
  File "/home/master/banner_editor/venv/lib/python2.7/site-packages/pyramid/viewderivers.py", line 144, in _requestonly_view
    response = view(request)
  File "/home/master/banner_editor/banner_editor/views.py", line 147, in consumer_edit
    if (consumer.group != 'admin') and (consumer.id != unauthenticated_userid(request)):
AttributeError: 'NoneType' object has no attribute 'group'
2019-03-08 13:23:40,496 ERROR [waitress][waitress] Exception when serving /consumer/1/edit
Traceback (most recent call last):
  File "/home/master/banner_editor/venv/lib/python2.7/site-packages/waitress/channel.py", line 336, in service
    task.service()
  File "/home/master/banner_editor/venv/lib/python2.7/site-packages/waitress/task.py", line 175, in service
    self.execute()
  File "/home/master/banner_editor/venv/lib/python2.7/site-packages/waitress/task.py", line 452, in execute
    app_iter = self.channel.server.application(env, start_response)
  File "/home/master/banner_editor/venv/lib/python2.7/site-packages/pyramid/router.py", line 270, in __call__
    response = self.execution_policy(environ, self)
  File "/home/master/banner_editor/venv/lib/python2.7/site-packages/pyramid/router.py", line 279, in default_execution_policy
    return request.invoke_exception_view(reraise=True)
  File "/home/master/banner_editor/venv/lib/python2.7/site-packages/pyramid/view.py", line 768, in invoke_exception_view
    reraise_(*exc_info)
  File "/home/master/banner_editor/venv/lib/python2.7/site-packages/pyramid/router.py", line 277, in default_execution_policy
    return router.invoke_request(request)
  File "/home/master/banner_editor/venv/lib/python2.7/site-packages/pyramid/router.py", line 249, in invoke_request
    response = handle_request(request)
  File "/home/master/banner_editor/venv/lib/python2.7/site-packages/pyramid_tm/__init__.py", line 171, in tm_tween
    reraise(*exc_info)
  File "/home/master/banner_editor/venv/lib/python2.7/site-packages/pyramid_tm/__init__.py", line 136, in tm_tween
    response = handler(request)
  File "/home/master/banner_editor/venv/lib/python2.7/site-packages/pyramid/tweens.py", line 43, in excview_tween
    response = _error_handler(request, exc)
  File "/home/master/banner_editor/venv/lib/python2.7/site-packages/pyramid/tweens.py", line 17, in _error_handler
    reraise(*exc_info)
  File "/home/master/banner_editor/venv/lib/python2.7/site-packages/pyramid/tweens.py", line 41, in excview_tween
    response = handler(request)
  File "/home/master/banner_editor/venv/lib/python2.7/site-packages/pyramid/router.py", line 148, in handle_request
    registry, request, context, context_iface, view_name
  File "/home/master/banner_editor/venv/lib/python2.7/site-packages/pyramid/view.py", line 657, in _call_view
    response = view_callable(context, request)
  File "/home/master/banner_editor/venv/lib/python2.7/site-packages/pyramid/viewderivers.py", line 325, in secured_view
    return view(context, request)
  File "/home/master/banner_editor/venv/lib/python2.7/site-packages/pyramid/viewderivers.py", line 401, in viewresult_to_response
    result = view(context, request)
  File "/home/master/banner_editor/venv/lib/python2.7/site-packages/pyramid/viewderivers.py", line 144, in _requestonly_view
    response = view(request)
  File "/home/master/banner_editor/banner_editor/views.py", line 147, in consumer_edit
    if (consumer.group != 'admin') and (consumer.id != unauthenticated_userid(request)):
AttributeError: 'NoneType' object has no attribute 'group'
2019-03-08 13:51:58,119 ERROR [waitress][waitress] Exception when serving /consumer/5/view
Traceback (most recent call last):
  File "/home/master/banner_editor/venv/lib/python2.7/site-packages/waitress/channel.py", line 336, in service
    task.service()
  File "/home/master/banner_editor/venv/lib/python2.7/site-packages/waitress/task.py", line 175, in service
    self.execute()
  File "/home/master/banner_editor/venv/lib/python2.7/site-packages/waitress/task.py", line 452, in execute
    app_iter = self.channel.server.application(env, start_response)
  File "/home/master/banner_editor/venv/lib/python2.7/site-packages/pyramid/router.py", line 270, in __call__
    response = self.execution_policy(environ, self)
  File "/home/master/banner_editor/venv/lib/python2.7/site-packages/pyramid/router.py", line 279, in default_execution_policy
    return request.invoke_exception_view(reraise=True)
  File "/home/master/banner_editor/venv/lib/python2.7/site-packages/pyramid/view.py", line 768, in invoke_exception_view
    reraise_(*exc_info)
  File "/home/master/banner_editor/venv/lib/python2.7/site-packages/pyramid/router.py", line 277, in default_execution_policy
    return router.invoke_request(request)
  File "/home/master/banner_editor/venv/lib/python2.7/site-packages/pyramid/router.py", line 249, in invoke_request
    response = handle_request(request)
  File "/home/master/banner_editor/venv/lib/python2.7/site-packages/pyramid_tm/__init__.py", line 171, in tm_tween
    reraise(*exc_info)
  File "/home/master/banner_editor/venv/lib/python2.7/site-packages/pyramid_tm/__init__.py", line 136, in tm_tween
    response = handler(request)
  File "/home/master/banner_editor/venv/lib/python2.7/site-packages/pyramid/tweens.py", line 43, in excview_tween
    response = _error_handler(request, exc)
  File "/home/master/banner_editor/venv/lib/python2.7/site-packages/pyramid/tweens.py", line 17, in _error_handler
    reraise(*exc_info)
  File "/home/master/banner_editor/venv/lib/python2.7/site-packages/pyramid/tweens.py", line 41, in excview_tween
    response = handler(request)
  File "/home/master/banner_editor/venv/lib/python2.7/site-packages/pyramid/router.py", line 148, in handle_request
    registry, request, context, context_iface, view_name
  File "/home/master/banner_editor/venv/lib/python2.7/site-packages/pyramid/view.py", line 657, in _call_view
    response = view_callable(context, request)
  File "/home/master/banner_editor/venv/lib/python2.7/site-packages/pyramid/viewderivers.py", line 325, in secured_view
    return view(context, request)
  File "/home/master/banner_editor/venv/lib/python2.7/site-packages/pyramid/viewderivers.py", line 436, in rendered_view
    result = view(context, request)
  File "/home/master/banner_editor/venv/lib/python2.7/site-packages/pyramid/viewderivers.py", line 144, in _requestonly_view
    response = view(request)
  File "/home/master/banner_editor/banner_editor/views.py", line 178, in consumer_view
    return consumer.to_json()
  File "/home/master/banner_editor/banner_editor/security.py", line 84, in to_json
    'interests' : DBSession.query(Consumer.interests.id).scalar(),
  File "/home/master/banner_editor/venv/lib/python2.7/site-packages/sqlalchemy/orm/attributes.py", line 230, in __getattr__
    key,
AttributeError: Neither 'InstrumentedAttribute' object nor 'Comparator' object associated with Consumer.interests has an attribute 'id'
2019-03-08 14:16:34,128 ERROR [waitress][waitress] Exception when serving /consumer/5/view
Traceback (most recent call last):
  File "/home/master/banner_editor/venv/lib/python2.7/site-packages/waitress/channel.py", line 336, in service
    task.service()
  File "/home/master/banner_editor/venv/lib/python2.7/site-packages/waitress/task.py", line 175, in service
    self.execute()
  File "/home/master/banner_editor/venv/lib/python2.7/site-packages/waitress/task.py", line 452, in execute
    app_iter = self.channel.server.application(env, start_response)
  File "/home/master/banner_editor/venv/lib/python2.7/site-packages/pyramid/router.py", line 270, in __call__
    response = self.execution_policy(environ, self)
  File "/home/master/banner_editor/venv/lib/python2.7/site-packages/pyramid/router.py", line 279, in default_execution_policy
    return request.invoke_exception_view(reraise=True)
  File "/home/master/banner_editor/venv/lib/python2.7/site-packages/pyramid/view.py", line 768, in invoke_exception_view
    reraise_(*exc_info)
  File "/home/master/banner_editor/venv/lib/python2.7/site-packages/pyramid/router.py", line 277, in default_execution_policy
    return router.invoke_request(request)
  File "/home/master/banner_editor/venv/lib/python2.7/site-packages/pyramid/router.py", line 249, in invoke_request
    response = handle_request(request)
  File "/home/master/banner_editor/venv/lib/python2.7/site-packages/pyramid_tm/__init__.py", line 171, in tm_tween
    reraise(*exc_info)
  File "/home/master/banner_editor/venv/lib/python2.7/site-packages/pyramid_tm/__init__.py", line 136, in tm_tween
    response = handler(request)
  File "/home/master/banner_editor/venv/lib/python2.7/site-packages/pyramid/tweens.py", line 43, in excview_tween
    response = _error_handler(request, exc)
  File "/home/master/banner_editor/venv/lib/python2.7/site-packages/pyramid/tweens.py", line 17, in _error_handler
    reraise(*exc_info)
  File "/home/master/banner_editor/venv/lib/python2.7/site-packages/pyramid/tweens.py", line 41, in excview_tween
    response = handler(request)
  File "/home/master/banner_editor/venv/lib/python2.7/site-packages/pyramid/router.py", line 148, in handle_request
    registry, request, context, context_iface, view_name
  File "/home/master/banner_editor/venv/lib/python2.7/site-packages/pyramid/view.py", line 657, in _call_view
    response = view_callable(context, request)
  File "/home/master/banner_editor/venv/lib/python2.7/site-packages/pyramid/viewderivers.py", line 325, in secured_view
    return view(context, request)
  File "/home/master/banner_editor/venv/lib/python2.7/site-packages/pyramid/viewderivers.py", line 460, in rendered_view
    request, result, view_inst, context
  File "/home/master/banner_editor/venv/lib/python2.7/site-packages/pyramid/renderers.py", line 451, in render_view
    return self.render_to_response(response, system, request=request)
  File "/home/master/banner_editor/venv/lib/python2.7/site-packages/pyramid/renderers.py", line 474, in render_to_response
    result = self.render(value, system_values, request=request)
  File "/home/master/banner_editor/venv/lib/python2.7/site-packages/pyramid/renderers.py", line 470, in render
    result = renderer(value, system_values)
  File "/home/master/banner_editor/venv/lib/python2.7/site-packages/pyramid/renderers.py", line 284, in _render
    return self.serializer(value, default=default, **self.kw)
  File "/usr/lib/python2.7/json/__init__.py", line 251, in dumps
    sort_keys=sort_keys, **kw).encode(obj)
  File "/usr/lib/python2.7/json/encoder.py", line 207, in encode
    chunks = self.iterencode(o, _one_shot=True)
  File "/usr/lib/python2.7/json/encoder.py", line 270, in iterencode
    return _iterencode(o, 0)
  File "/home/master/banner_editor/venv/lib/python2.7/site-packages/pyramid/renderers.py", line 298, in default
    raise TypeError('%r is not JSON serializable' % (obj,))
TypeError: <sqlalchemy.orm.query.Query object at 0x7fce930ae9d0> is not JSON serializable
